<?xml version="1.0" encoding="UTF-8"?>
<!-- Generated by org.testng.reporters.JUnitReportReporter -->
<testsuite hostname="DESKTOP-6CE6M82" failures="0" tests="24" name="automation.SignUp_without_mobile" time="72.218" errors="1" timestamp="2025-04-29T16:24:57 IST" skipped="23">
  <testcase classname="automation.SignUp_without_mobile" name="verifyMaximumCharacterLimit" time="0.000">
    <skipped/>
  </testcase> <!-- verifyMaximumCharacterLimit -->
  <system-out/>
  <testcase classname="automation.SignUp_without_mobile" name="VerifySurnameFieldCaseInsensitivityfor_Uniqueness" time="0.000">
    <skipped/>
  </testcase> <!-- VerifySurnameFieldCaseInsensitivityfor_Uniqueness -->
  <system-out/>
  <testcase classname="automation.SignUp_without_mobile" name="verifyNameFieldWithOnlySPaces" time="0.000">
    <skipped/>
  </testcase> <!-- verifyNameFieldWithOnlySPaces -->
  <system-out/>
  <testcase classname="automation.SignUp_without_mobile" name="verifyCharactersAreRejected" time="0.000">
    <skipped/>
  </testcase> <!-- verifyCharactersAreRejected -->
  <system-out/>
  <testcase classname="automation.SignUp_without_mobile" name="verifySurnameFieldwithSpacesBetweenCharacters" time="0.000">
    <skipped/>
  </testcase> <!-- verifySurnameFieldwithSpacesBetweenCharacters -->
  <system-out/>
  <testcase classname="automation.SignUp_without_mobile" name="verifysurnameFieldWithMixedCases" time="0.000">
    <skipped/>
  </testcase> <!-- verifysurnameFieldWithMixedCases -->
  <system-out/>
  <testcase classname="automation.SignUp_without_mobile" name="verifySurnameFieldMandatory" time="0.000">
    <skipped/>
  </testcase> <!-- verifySurnameFieldMandatory -->
  <system-out/>
  <testcase classname="automation.SignUp_without_mobile" name="verifysurnameFieldAcceptedCharacters" time="0.000">
    <skipped/>
  </testcase> <!-- verifysurnameFieldAcceptedCharacters -->
  <system-out/>
  <testcase classname="automation.SignUp_without_mobile" name="verifyNameFieldWith_Unicodes" time="0.000">
    <skipped/>
  </testcase> <!-- verifyNameFieldWith_Unicodes -->
  <system-out/>
  <testcase classname="automation.SignUp_without_mobile" name="gotoSignUpPage" time="72.218">
    <error message="Expected condition failed: waiting for visibility of Proxy element for: DefaultElementLocator &#039;By.xpath: //android.widget.TextView[@text=&quot;Sign Up&quot;]&#039; (tried for 10 second(s) with 500 milliseconds interval)" type="org.openqa.selenium.TimeoutException">
      <![CDATA[org.openqa.selenium.TimeoutException: Expected condition failed: waiting for visibility of Proxy element for: DefaultElementLocator 'By.xpath: //android.widget.TextView[@text="Sign Up"]' (tried for 10 second(s) with 500 milliseconds interval)
at org.openqa.selenium.support.ui.WebDriverWait.timeoutException(WebDriverWait.java:95)
at org.openqa.selenium.support.ui.FluentWait.until(FluentWait.java:272)
at pom_files.SignUp_POM.navigateToSignUpPage(SignUp_POM.java:159)
at automation.SignUp_without_mobile.gotoSignUpPage(SignUp_without_mobile.java:68)
at java.base/jdk.internal.reflect.NativeMethodAccessorImpl.invoke0(Native Method)
at java.base/jdk.internal.reflect.NativeMethodAccessorImpl.invoke(NativeMethodAccessorImpl.java:77)
at java.base/jdk.internal.reflect.DelegatingMethodAccessorImpl.invoke(DelegatingMethodAccessorImpl.java:43)
at java.base/java.lang.reflect.Method.invoke(Method.java:568)
at org.testng.internal.MethodInvocationHelper.invokeMethod(MethodInvocationHelper.java:133)
at org.testng.internal.MethodInvocationHelper.invokeMethodConsideringTimeout(MethodInvocationHelper.java:62)
at org.testng.internal.ConfigInvoker.invokeConfigurationMethod(ConfigInvoker.java:385)
at org.testng.internal.ConfigInvoker.invokeConfigurations(ConfigInvoker.java:321)
at org.testng.internal.TestInvoker.runConfigMethods(TestInvoker.java:700)
at org.testng.internal.TestInvoker.invokeMethod(TestInvoker.java:527)
at org.testng.internal.TestInvoker.invokeTestMethod(TestInvoker.java:173)
at org.testng.internal.MethodRunner.runInSequence(MethodRunner.java:46)
at org.testng.internal.TestInvoker$MethodInvocationAgent.invoke(TestInvoker.java:824)
at org.testng.internal.TestInvoker.invokeTestMethods(TestInvoker.java:146)
at org.testng.internal.TestMethodWorker.invokeTestMethods(TestMethodWorker.java:146)
at org.testng.internal.TestMethodWorker.run(TestMethodWorker.java:128)
at java.base/java.util.ArrayList.forEach(ArrayList.java:1511)
at org.testng.TestRunner.privateRun(TestRunner.java:794)
at org.testng.TestRunner.run(TestRunner.java:596)
at org.testng.SuiteRunner.runTest(SuiteRunner.java:377)
at org.testng.SuiteRunner.runSequentially(SuiteRunner.java:371)
at org.testng.SuiteRunner.privateRun(SuiteRunner.java:332)
at org.testng.SuiteRunner.run(SuiteRunner.java:276)
at org.testng.SuiteRunnerWorker.runSuite(SuiteRunnerWorker.java:53)
at org.testng.SuiteRunnerWorker.run(SuiteRunnerWorker.java:96)
at org.testng.TestNG.runSuitesSequentially(TestNG.java:1212)
at org.testng.TestNG.runSuitesLocally(TestNG.java:1134)
at org.testng.TestNG.runSuites(TestNG.java:1063)
at org.testng.TestNG.run(TestNG.java:1031)
at org.testng.remote.AbstractRemoteTestNG.run(AbstractRemoteTestNG.java:115)
at org.testng.remote.RemoteTestNG.initAndRun(RemoteTestNG.java:293)
at org.testng.remote.RemoteTestNG.main(RemoteTestNG.java:91)
Caused by: org.openqa.selenium.NoSuchElementException: An element could not be located on the page using the given search parameters.
For documentation on this error, please visit: https://www.seleniumhq.org/exceptions/no_such_element.html
Build info: version: '3.141.59', revision: 'e82be7d358', time: '2018-11-14T08:17:03'
System info: host: 'DESKTOP-6CE6M82', ip: '192.168.31.18', os.name: 'Windows 11', os.arch: 'amd64', os.version: '10.0', java.version: '17.0.6'
Driver info: io.appium.java_client.android.AndroidDriver
Capabilities {app: C:\Users\akhil\OneDrive\Des..., appPackage: com.antnele, automationName: UiAutomator2, databaseEnabled: false, desired: {app: C:\Users\akhil\OneDrive\Des..., automationName: UiAutomator2, deviceName: Android_medium, newCommandTimeout: 500, platformName: android}, deviceApiLevel: 33, deviceManufacturer: Google, deviceModel: sdk_gphone64_x86_64, deviceName: emulator-5554, deviceScreenDensity: 420, deviceScreenSize: 1080x2400, deviceUDID: emulator-5554, javascriptEnabled: true, locationContextEnabled: false, networkConnectionEnabled: true, newCommandTimeout: 500, pixelRatio: 2.625, platform: LINUX, platformName: Android, platformVersion: 13, statBarHeight: 63, takesScreenshot: true, viewportRect: {height: 2337, left: 0, top: 63, width: 1080}, warnings: {}, webStorageEnabled: false}
Session ID: d45949e4-86ff-406e-9e5c-f6d92e0878a3
*** Element info: {Using=xpath, value=//android.widget.TextView[@text="Sign Up"]}
at java.base/jdk.internal.reflect.NativeConstructorAccessorImpl.newInstance0(Native Method)
at java.base/jdk.internal.reflect.NativeConstructorAccessorImpl.newInstance(NativeConstructorAccessorImpl.java:77)
at java.base/jdk.internal.reflect.DelegatingConstructorAccessorImpl.newInstance(DelegatingConstructorAccessorImpl.java:45)
at java.base/java.lang.reflect.Constructor.newInstanceWithCaller(Constructor.java:499)
at java.base/java.lang.reflect.Constructor.newInstance(Constructor.java:480)
at org.openqa.selenium.remote.http.W3CHttpResponseCodec.createException(W3CHttpResponseCodec.java:187)
at org.openqa.selenium.remote.http.W3CHttpResponseCodec.decode(W3CHttpResponseCodec.java:122)
at org.openqa.selenium.remote.http.W3CHttpResponseCodec.decode(W3CHttpResponseCodec.java:49)
at org.openqa.selenium.remote.HttpCommandExecutor.execute(HttpCommandExecutor.java:158)
at io.appium.java_client.remote.AppiumCommandExecutor.execute(AppiumCommandExecutor.java:247)
at org.openqa.selenium.remote.RemoteWebDriver.execute(RemoteWebDriver.java:552)
at io.appium.java_client.DefaultGenericMobileDriver.execute(DefaultGenericMobileDriver.java:41)
at io.appium.java_client.AppiumDriver.execute(AppiumDriver.java:1)
at io.appium.java_client.android.AndroidDriver.execute(AndroidDriver.java:1)
at org.openqa.selenium.remote.RemoteWebDriver.findElement(RemoteWebDriver.java:323)
at io.appium.java_client.DefaultGenericMobileDriver.findElement(DefaultGenericMobileDriver.java:61)
at io.appium.java_client.AppiumDriver.findElement(AppiumDriver.java:1)
at io.appium.java_client.android.AndroidDriver.findElement(AndroidDriver.java:1)
at org.openqa.selenium.remote.RemoteWebDriver.findElementByXPath(RemoteWebDriver.java:428)
at io.appium.java_client.DefaultGenericMobileDriver.findElementByXPath(DefaultGenericMobileDriver.java:151)
at io.appium.java_client.AppiumDriver.findElementByXPath(AppiumDriver.java:1)
at io.appium.java_client.android.AndroidDriver.findElementByXPath(AndroidDriver.java:1)
at org.openqa.selenium.By$ByXPath.findElement(By.java:353)
at org.openqa.selenium.remote.RemoteWebDriver.findElement(RemoteWebDriver.java:315)
at io.appium.java_client.DefaultGenericMobileDriver.findElement(DefaultGenericMobileDriver.java:57)
at io.appium.java_client.AppiumDriver.findElement(AppiumDriver.java:1)
at io.appium.java_client.android.AndroidDriver.findElement(AndroidDriver.java:1)
at org.openqa.selenium.support.pagefactory.DefaultElementLocator.findElement(DefaultElementLocator.java:69)
at org.openqa.selenium.support.pagefactory.internal.LocatingElementHandler.invoke(LocatingElementHandler.java:38)
at jdk.proxy2/jdk.proxy2.$Proxy13.isDisplayed(Unknown Source)
at org.openqa.selenium.support.ui.ExpectedConditions.elementIfVisible(ExpectedConditions.java:314)
at org.openqa.selenium.support.ui.ExpectedConditions.access$000(ExpectedConditions.java:43)
at org.openqa.selenium.support.ui.ExpectedConditions$10.apply(ExpectedConditions.java:300)
at org.openqa.selenium.support.ui.ExpectedConditions$10.apply(ExpectedConditions.java:297)
at org.openqa.selenium.support.ui.FluentWait.until(FluentWait.java:249)
... 34 more
]]>
    </error>
  </testcase> <!-- gotoSignUpPage -->
  <system-out/>
  <testcase classname="automation.SignUp_without_mobile" name="verifySurnameFieldWithMultipleWords" time="0.000">
    <skipped/>
  </testcase> <!-- verifySurnameFieldWithMultipleWords -->
  <system-out/>
  <testcase classname="automation.SignUp_without_mobile" name="verifyNumbersAreRejected" time="0.000">
    <skipped/>
  </testcase> <!-- verifyNumbersAreRejected -->
  <system-out/>
  <testcase classname="automation.SignUp_without_mobile" name="verifyNameFieldwithNoDate" time="0.000">
    <skipped/>
  </testcase> <!-- verifyNameFieldwithNoDate -->
  <system-out/>
  <testcase classname="automation.SignUp_without_mobile" name="verifyNameFieldWith_MixedCases" time="0.000">
    <skipped/>
  </testcase> <!-- verifyNameFieldWith_MixedCases -->
  <system-out/>
  <testcase classname="automation.SignUp_without_mobile" name="verifyUsernameFieldPresence" time="0.000">
    <skipped/>
  </testcase> <!-- verifyUsernameFieldPresence -->
  <system-out/>
  <testcase classname="automation.SignUp_without_mobile" name="isPresentNameField" time="0.000">
    <skipped/>
  </testcase> <!-- isPresentNameField -->
  <system-out/>
  <testcase classname="automation.SignUp_without_mobile" name="verifyNumbersInSurnameField" time="0.000">
    <skipped/>
  </testcase> <!-- verifyNumbersInSurnameField -->
  <system-out/>
  <testcase classname="automation.SignUp_without_mobile" name="verifySurnameFieldwithInitials" time="0.000">
    <skipped/>
  </testcase> <!-- verifySurnameFieldwithInitials -->
  <system-out/>
  <testcase classname="automation.SignUp_without_mobile" name="verifySurnameFieldWithOnlySpaces" time="0.000">
    <skipped/>
  </testcase> <!-- verifySurnameFieldWithOnlySpaces -->
  <system-out/>
  <testcase classname="automation.SignUp_without_mobile" name="verifyLeadingAndTrailingSPacesAreTrimmed" time="0.000">
    <skipped/>
  </testcase> <!-- verifyLeadingAndTrailingSPacesAreTrimmed -->
  <system-out/>
  <testcase classname="automation.SignUp_without_mobile" name="verifySurnameFieldRejectingUnicodesCharacters" time="0.000">
    <skipped/>
  </testcase> <!-- verifySurnameFieldRejectingUnicodesCharacters -->
  <system-out/>
  <testcase classname="automation.SignUp_without_mobile" name="verifyNameFieldWithMultipleWords" time="0.000">
    <skipped/>
  </testcase> <!-- verifyNameFieldWithMultipleWords -->
  <system-out/>
  <testcase classname="automation.SignUp_without_mobile" name="verifyNameFieldWithLeadingNumber" time="0.000">
    <skipped/>
  </testcase> <!-- verifyNameFieldWithLeadingNumber -->
  <system-out/>
  <testcase classname="automation.SignUp_without_mobile" name="verifyCharacterLimitInSurnameField" time="0.000">
    <skipped/>
  </testcase> <!-- verifyCharacterLimitInSurnameField -->
  <system-out/>
</testsuite> <!-- automation.SignUp_without_mobile -->
